2024-12-08 17:50:17,019 - INFO - Using proxy: smtp.unipamplona.edu.co
2024-12-08 17:50:34,588 - INFO - Email sent successfully to mohamed._.sellak@hotmail.com
2024-12-08 17:50:34,774 - INFO - Using proxy: smtp.unipamplona.edu.co
2024-12-08 17:50:38,582 - INFO - Email sent successfully to mohammed.sellak@hotmail.com
2024-12-08 17:51:30,471 - INFO - Using proxy: smtp.unipamplona.edu.co
2024-12-08 17:51:36,402 - INFO - Email sent successfully to mohammed.sellak@hotmail.com
2024-12-08 17:53:32,888 - INFO - Using proxy: smtp.unipamplona.edu.co
2024-12-08 17:53:39,326 - INFO - Email sent successfully to MagnusLundgren69@hotmail.com
2024-12-08 17:55:27,082 - INFO - Using proxy: smtp.unipamplona.edu.co
2024-12-08 17:55:33,760 - INFO - Email sent successfully to MagnusLundgren69@hotmail.com
2024-12-08 18:10:59,446 - INFO - Using proxy: smtp.unipamplona.edu.co
2024-12-08 18:11:28,398 - INFO - Email sent successfully to MagnusLundgren69@hotmail.com
2024-12-08 18:13:40,363 - INFO - Using proxy: smtp.unipamplona.edu.co
2024-12-08 18:14:38,271 - INFO - Email sent successfully to MagnusLundgren69@hotmail.com
2024-12-08 18:17:22,763 - INFO - Using proxy: smtp.unipamplona.edu.co
2024-12-08 18:17:27,156 - INFO - Email sent successfully to mohamedsellak41@gmail.com
2024-12-08 18:18:18,774 - INFO - Using proxy: sellak.me
2024-12-08 18:18:21,715 - INFO - Email sent successfully to mohamedsellak41@gmail.com
2024-12-08 18:18:57,273 - INFO - Using proxy: sellak.me
2024-12-08 18:18:59,658 - INFO - Email sent successfully to MagnusLundgren69@hotmail.com
2024-12-08 21:23:30,173 - INFO - Using proxy: smtp-mail.outlook.com
2024-12-08 21:23:35,686 - INFO - Email sent successfully to monicafue@hotmail.com
2024-12-08 21:36:46,794 - INFO - Using proxy: smtp-mail.outlook.com
2024-12-08 21:36:48,085 - INFO - Email sent successfully to monicafue@hotmail.com
2024-12-08 21:37:57,598 - INFO - Using proxy: smtp-mail.outlook.com
2024-12-08 21:37:58,643 - INFO - Email sent successfully to monicafue@hotmail.com
2024-12-08 21:38:28,009 - INFO - Using proxy: smtp-mail.outlook.com
2024-12-08 21:38:29,082 - INFO - Email sent successfully to monicafue@hotmail.com
2024-12-08 21:39:36,108 - INFO - Using proxy: mail.jnu.ac.kr
2024-12-08 21:39:40,932 - INFO - Email sent successfully to monicafue@hotmail.com
2024-12-08 21:40:16,080 - INFO - Using proxy: smtp-mail.outlook.com
2024-12-08 21:40:19,614 - INFO - Email sent successfully to monicafue@hotmail.com
